* Starting client
* Connecting to master process on port 14663
* Analyzing classpath: 
  - C:\Users\Kenneth Price\Documents\GitHub\CS362-001-SP17\projects\pricek\assignment-1\hw1\target\classes
  - C:\Users\Kenneth Price\.m2\repository\junit\junit\4.12\junit-4.12.jar
  - C:\Users\Kenneth Price\.m2\repository\org\hamcrest\hamcrest-core\1.3\hamcrest-core-1.3.jar
* Finished analyzing classpath
* Generating tests for class edu.osu.cs362.App
* Test criteria:
  - Line Coverage
  - Branch Coverage
  - Exception
  - Mutation testing (weak)
  - Method-Output Coverage
  - Top-Level Method Coverage
  - No-Exception Top-Level Method Coverage
  - Context Branch Coverage
* Setting up search algorithm for whole suite generation
[MASTER] 19:48:16.939 [pool-2-thread-1] WARN  TestSuiteSerialization - Cannot load tests because file does not exist: C:\Users\Kenneth Price\Documents\GitHub\CS362-001-SP17\projects\pricek\assignment-1\hw1\.evosuite\evosuite-seeds\edu.osu.cs362.App.seed
* Total number of test goals: 
  - Line 2
  - Branch 2
  - Exception 0
  - MutationFactory 1
  - Output 0
  - Method 2
  - MethodNoException 2
  - CBranchFitnessFactory 2
* Using seed 1492483693766
* Starting evolution
* Search finished after 2s and 0 generations, 5785 statements, best individual has fitness: 0.0
* Writing sequences to pool
* Minimizing test suite
* Going to analyze the coverage criteria
* Coverage analysis for criterion LINE
* Coverage of criterion LINE: 100%
* Total number of goals: 2
* Number of covered goals: 2
* Coverage analysis for criterion BRANCH
* Coverage of criterion BRANCH: 100%
* Total number of goals: 2
* Number of covered goals: 2
* Coverage analysis for criterion EXCEPTION
* Coverage of criterion EXCEPTION: 100% (no goals)
* Coverage analysis for criterion WEAKMUTATION
* Coverage of criterion WEAKMUTATION: 100%
* Total number of goals: 1
* Number of covered goals: 1
* Coverage analysis for criterion OUTPUT
* Coverage of criterion OUTPUT: 100% (no goals)
* Coverage analysis for criterion METHOD
* Coverage of criterion METHOD: 100%
* Total number of goals: 2
* Number of covered goals: 2
* Coverage analysis for criterion METHODNOEXCEPTION
* Coverage of criterion METHODNOEXCEPTION: 100%
* Total number of goals: 2
* Number of covered goals: 2
* Coverage analysis for criterion CBRANCH
* Coverage of criterion CBRANCH: 100%
* Total number of goals: 2
* Number of covered goals: 2
* Generated 2 tests with total length 3
* Resulting test suite's coverage: 100% (average coverage for all fitness functions)
* Generating assertions
* Resulting test suite's mutation score: 0%
* Compiling and checking tests
[MASTER] 19:48:21.218 [pool-2-thread-1] WARN  JUnitAnalyzer - Cannot delete tmp dir: EvoSuite_2_1492483700885
java.io.IOException: Unable to delete directory C:\Users\KENNET~1\AppData\Local\Temp\EvoSuite_2_1492483700885\edu\osu\cs362.
	at org.evosuite.shaded.org.apache.commons.io.FileUtils.deleteDirectory(FileUtils.java:1541) ~[evosuite-master-1.0.3.jar:1.0.3]
	at org.evosuite.shaded.org.apache.commons.io.FileUtils.forceDelete(FileUtils.java:2270) ~[evosuite-master-1.0.3.jar:1.0.3]
	at org.evosuite.shaded.org.apache.commons.io.FileUtils.cleanDirectory(FileUtils.java:1653) ~[evosuite-master-1.0.3.jar:1.0.3]
	at org.evosuite.shaded.org.apache.commons.io.FileUtils.deleteDirectory(FileUtils.java:1535) ~[evosuite-master-1.0.3.jar:1.0.3]
	at org.evosuite.shaded.org.apache.commons.io.FileUtils.forceDelete(FileUtils.java:2270) ~[evosuite-master-1.0.3.jar:1.0.3]
	at org.evosuite.shaded.org.apache.commons.io.FileUtils.cleanDirectory(FileUtils.java:1653) ~[evosuite-master-1.0.3.jar:1.0.3]
	at org.evosuite.shaded.org.apache.commons.io.FileUtils.deleteDirectory(FileUtils.java:1535) ~[evosuite-master-1.0.3.jar:1.0.3]
	at org.evosuite.shaded.org.apache.commons.io.FileUtils.forceDelete(FileUtils.java:2270) ~[evosuite-master-1.0.3.jar:1.0.3]
	at org.evosuite.shaded.org.apache.commons.io.FileUtils.cleanDirectory(FileUtils.java:1653) ~[evosuite-master-1.0.3.jar:1.0.3]
	at org.evosuite.shaded.org.apache.commons.io.FileUtils.deleteDirectory(FileUtils.java:1535) ~[evosuite-master-1.0.3.jar:1.0.3]
	at org.evosuite.junit.JUnitAnalyzer.handleTestsThatAreUnstable(JUnitAnalyzer.java:253) ~[evosuite-master-1.0.3.jar:1.0.3]
	at org.evosuite.TestSuiteGenerator.compileAndCheckTests(TestSuiteGenerator.java:388) [evosuite-master-1.0.3.jar:1.0.3]
	at org.evosuite.TestSuiteGenerator.postProcessTests(TestSuiteGenerator.java:332) [evosuite-master-1.0.3.jar:1.0.3]
	at org.evosuite.TestSuiteGenerator.generateTestSuite(TestSuiteGenerator.java:148) [evosuite-master-1.0.3.jar:1.0.3]
	at org.evosuite.rmi.service.ClientNodeImpl$1.run(ClientNodeImpl.java:145) [evosuite-master-1.0.3.jar:1.0.3]
	at java.util.concurrent.Executors$RunnableAdapter.call(Executors.java:511) [na:1.8.0_121]
	at java.util.concurrent.FutureTask.run(FutureTask.java:266) [na:1.8.0_121]
	at java.util.concurrent.ThreadPoolExecutor.runWorker(ThreadPoolExecutor.java:1142) [na:1.8.0_121]
	at java.util.concurrent.ThreadPoolExecutor$Worker.run(ThreadPoolExecutor.java:617) [na:1.8.0_121]
	at java.lang.Thread.run(Thread.java:745) [na:1.8.0_121]
* Writing JUnit test case 'App_ESTest' to C:\Users\Kenneth Price\Documents\GitHub\CS362-001-SP17\projects\pricek\assignment-1\hw1\.evosuite\tmp_2017_04_17_19_46_08\tests
* Done!

