[MASTER] 18:16:32.722 [pool-2-thread-1] ERROR JUnitAnalyzer - Cannot delete tmp dir: C:\Users\KENNET~1\AppData\Local\Temp\EvoSuite_5_1494897392069
java.io.IOException: Unable to delete directory C:\Users\KENNET~1\AppData\Local\Temp\EvoSuite_5_1494897392069\edu\osu\cs362.
	at org.evosuite.shaded.org.apache.commons.io.FileUtils.deleteDirectory(FileUtils.java:1541) ~[evosuite-master-1.0.3.jar:1.0.3]
	at org.evosuite.shaded.org.apache.commons.io.FileUtils.forceDelete(FileUtils.java:2270) ~[evosuite-master-1.0.3.jar:1.0.3]
	at org.evosuite.shaded.org.apache.commons.io.FileUtils.cleanDirectory(FileUtils.java:1653) ~[evosuite-master-1.0.3.jar:1.0.3]
	at org.evosuite.shaded.org.apache.commons.io.FileUtils.deleteDirectory(FileUtils.java:1535) ~[evosuite-master-1.0.3.jar:1.0.3]
	at org.evosuite.shaded.org.apache.commons.io.FileUtils.forceDelete(FileUtils.java:2270) ~[evosuite-master-1.0.3.jar:1.0.3]
	at org.evosuite.shaded.org.apache.commons.io.FileUtils.cleanDirectory(FileUtils.java:1653) ~[evosuite-master-1.0.3.jar:1.0.3]
	at org.evosuite.shaded.org.apache.commons.io.FileUtils.deleteDirectory(FileUtils.java:1535) ~[evosuite-master-1.0.3.jar:1.0.3]
	at org.evosuite.shaded.org.apache.commons.io.FileUtils.forceDelete(FileUtils.java:2270) ~[evosuite-master-1.0.3.jar:1.0.3]
	at org.evosuite.shaded.org.apache.commons.io.FileUtils.cleanDirectory(FileUtils.java:1653) ~[evosuite-master-1.0.3.jar:1.0.3]
	at org.evosuite.shaded.org.apache.commons.io.FileUtils.deleteDirectory(FileUtils.java:1535) ~[evosuite-master-1.0.3.jar:1.0.3]
	at org.evosuite.junit.JUnitAnalyzer.removeTestsThatDoNotCompile(JUnitAnalyzer.java:115) ~[evosuite-master-1.0.3.jar:1.0.3]
	at org.evosuite.TestSuiteGenerator.compileAndCheckTests(TestSuiteGenerator.java:376) [evosuite-master-1.0.3.jar:1.0.3]
	at org.evosuite.TestSuiteGenerator.postProcessTests(TestSuiteGenerator.java:332) [evosuite-master-1.0.3.jar:1.0.3]
	at org.evosuite.TestSuiteGenerator.generateTestSuite(TestSuiteGenerator.java:148) [evosuite-master-1.0.3.jar:1.0.3]
	at org.evosuite.rmi.service.ClientNodeImpl$1.run(ClientNodeImpl.java:145) [evosuite-master-1.0.3.jar:1.0.3]
	at java.util.concurrent.Executors$RunnableAdapter.call(Executors.java:511) [na:1.8.0_121]
	at java.util.concurrent.FutureTask.run(FutureTask.java:266) [na:1.8.0_121]
	at java.util.concurrent.ThreadPoolExecutor.runWorker(ThreadPoolExecutor.java:1142) [na:1.8.0_121]
	at java.util.concurrent.ThreadPoolExecutor$Worker.run(ThreadPoolExecutor.java:617) [na:1.8.0_121]
	at java.lang.Thread.run(Thread.java:745) [na:1.8.0_121]
[MASTER] 18:16:32.977 [pool-2-thread-1] ERROR JUnitAnalyzer - Cannot delete tmp dir: C:\Users\KENNET~1\AppData\Local\Temp\EvoSuite_6_1494897392722
java.io.IOException: Unable to delete directory C:\Users\KENNET~1\AppData\Local\Temp\EvoSuite_6_1494897392722\edu\osu\cs362.
	at org.evosuite.shaded.org.apache.commons.io.FileUtils.deleteDirectory(FileUtils.java:1541) ~[evosuite-master-1.0.3.jar:1.0.3]
	at org.evosuite.shaded.org.apache.commons.io.FileUtils.forceDelete(FileUtils.java:2270) ~[evosuite-master-1.0.3.jar:1.0.3]
	at org.evosuite.shaded.org.apache.commons.io.FileUtils.cleanDirectory(FileUtils.java:1653) ~[evosuite-master-1.0.3.jar:1.0.3]
	at org.evosuite.shaded.org.apache.commons.io.FileUtils.deleteDirectory(FileUtils.java:1535) ~[evosuite-master-1.0.3.jar:1.0.3]
	at org.evosuite.shaded.org.apache.commons.io.FileUtils.forceDelete(FileUtils.java:2270) ~[evosuite-master-1.0.3.jar:1.0.3]
	at org.evosuite.shaded.org.apache.commons.io.FileUtils.cleanDirectory(FileUtils.java:1653) ~[evosuite-master-1.0.3.jar:1.0.3]
	at org.evosuite.shaded.org.apache.commons.io.FileUtils.deleteDirectory(FileUtils.java:1535) ~[evosuite-master-1.0.3.jar:1.0.3]
	at org.evosuite.shaded.org.apache.commons.io.FileUtils.forceDelete(FileUtils.java:2270) ~[evosuite-master-1.0.3.jar:1.0.3]
	at org.evosuite.shaded.org.apache.commons.io.FileUtils.cleanDirectory(FileUtils.java:1653) ~[evosuite-master-1.0.3.jar:1.0.3]
	at org.evosuite.shaded.org.apache.commons.io.FileUtils.deleteDirectory(FileUtils.java:1535) ~[evosuite-master-1.0.3.jar:1.0.3]
	at org.evosuite.junit.JUnitAnalyzer.removeTestsThatDoNotCompile(JUnitAnalyzer.java:115) ~[evosuite-master-1.0.3.jar:1.0.3]
	at org.evosuite.TestSuiteGenerator.compileAndCheckTests(TestSuiteGenerator.java:376) [evosuite-master-1.0.3.jar:1.0.3]
	at org.evosuite.TestSuiteGenerator.postProcessTests(TestSuiteGenerator.java:332) [evosuite-master-1.0.3.jar:1.0.3]
	at org.evosuite.TestSuiteGenerator.generateTestSuite(TestSuiteGenerator.java:148) [evosuite-master-1.0.3.jar:1.0.3]
	at org.evosuite.rmi.service.ClientNodeImpl$1.run(ClientNodeImpl.java:145) [evosuite-master-1.0.3.jar:1.0.3]
	at java.util.concurrent.Executors$RunnableAdapter.call(Executors.java:511) [na:1.8.0_121]
	at java.util.concurrent.FutureTask.run(FutureTask.java:266) [na:1.8.0_121]
	at java.util.concurrent.ThreadPoolExecutor.runWorker(ThreadPoolExecutor.java:1142) [na:1.8.0_121]
	at java.util.concurrent.ThreadPoolExecutor$Worker.run(ThreadPoolExecutor.java:617) [na:1.8.0_121]
	at java.lang.Thread.run(Thread.java:745) [na:1.8.0_121]
[MASTER] 18:16:34.163 [pool-2-thread-1] ERROR JUnitAnalyzer - Cannot delete tmp dir: C:\Users\KENNET~1\AppData\Local\Temp\EvoSuite_10_1494897393781
java.io.IOException: Unable to delete directory C:\Users\KENNET~1\AppData\Local\Temp\EvoSuite_10_1494897393781\edu\osu\cs362.
	at org.evosuite.shaded.org.apache.commons.io.FileUtils.deleteDirectory(FileUtils.java:1541) ~[evosuite-master-1.0.3.jar:1.0.3]
	at org.evosuite.shaded.org.apache.commons.io.FileUtils.forceDelete(FileUtils.java:2270) ~[evosuite-master-1.0.3.jar:1.0.3]
	at org.evosuite.shaded.org.apache.commons.io.FileUtils.cleanDirectory(FileUtils.java:1653) ~[evosuite-master-1.0.3.jar:1.0.3]
	at org.evosuite.shaded.org.apache.commons.io.FileUtils.deleteDirectory(FileUtils.java:1535) ~[evosuite-master-1.0.3.jar:1.0.3]
	at org.evosuite.shaded.org.apache.commons.io.FileUtils.forceDelete(FileUtils.java:2270) ~[evosuite-master-1.0.3.jar:1.0.3]
	at org.evosuite.shaded.org.apache.commons.io.FileUtils.cleanDirectory(FileUtils.java:1653) ~[evosuite-master-1.0.3.jar:1.0.3]
	at org.evosuite.shaded.org.apache.commons.io.FileUtils.deleteDirectory(FileUtils.java:1535) ~[evosuite-master-1.0.3.jar:1.0.3]
	at org.evosuite.shaded.org.apache.commons.io.FileUtils.forceDelete(FileUtils.java:2270) ~[evosuite-master-1.0.3.jar:1.0.3]
	at org.evosuite.shaded.org.apache.commons.io.FileUtils.cleanDirectory(FileUtils.java:1653) ~[evosuite-master-1.0.3.jar:1.0.3]
	at org.evosuite.shaded.org.apache.commons.io.FileUtils.deleteDirectory(FileUtils.java:1535) ~[evosuite-master-1.0.3.jar:1.0.3]
	at org.evosuite.junit.JUnitAnalyzer.removeTestsThatDoNotCompile(JUnitAnalyzer.java:115) ~[evosuite-master-1.0.3.jar:1.0.3]
	at org.evosuite.TestSuiteGenerator.compileAndCheckTests(TestSuiteGenerator.java:376) [evosuite-master-1.0.3.jar:1.0.3]
	at org.evosuite.TestSuiteGenerator.postProcessTests(TestSuiteGenerator.java:332) [evosuite-master-1.0.3.jar:1.0.3]
	at org.evosuite.TestSuiteGenerator.generateTestSuite(TestSuiteGenerator.java:148) [evosuite-master-1.0.3.jar:1.0.3]
	at org.evosuite.rmi.service.ClientNodeImpl$1.run(ClientNodeImpl.java:145) [evosuite-master-1.0.3.jar:1.0.3]
	at java.util.concurrent.Executors$RunnableAdapter.call(Executors.java:511) [na:1.8.0_121]
	at java.util.concurrent.FutureTask.run(FutureTask.java:266) [na:1.8.0_121]
	at java.util.concurrent.ThreadPoolExecutor.runWorker(ThreadPoolExecutor.java:1142) [na:1.8.0_121]
	at java.util.concurrent.ThreadPoolExecutor$Worker.run(ThreadPoolExecutor.java:617) [na:1.8.0_121]
	at java.lang.Thread.run(Thread.java:745) [na:1.8.0_121]
[MASTER] 18:16:34.711 [pool-2-thread-1] ERROR JUnitAnalyzer - Cannot delete tmp dir: C:\Users\KENNET~1\AppData\Local\Temp\EvoSuite_12_1494897394418
java.io.IOException: Unable to delete directory C:\Users\KENNET~1\AppData\Local\Temp\EvoSuite_12_1494897394418\edu\osu\cs362.
	at org.evosuite.shaded.org.apache.commons.io.FileUtils.deleteDirectory(FileUtils.java:1541) ~[evosuite-master-1.0.3.jar:1.0.3]
	at org.evosuite.shaded.org.apache.commons.io.FileUtils.forceDelete(FileUtils.java:2270) ~[evosuite-master-1.0.3.jar:1.0.3]
	at org.evosuite.shaded.org.apache.commons.io.FileUtils.cleanDirectory(FileUtils.java:1653) ~[evosuite-master-1.0.3.jar:1.0.3]
	at org.evosuite.shaded.org.apache.commons.io.FileUtils.deleteDirectory(FileUtils.java:1535) ~[evosuite-master-1.0.3.jar:1.0.3]
	at org.evosuite.shaded.org.apache.commons.io.FileUtils.forceDelete(FileUtils.java:2270) ~[evosuite-master-1.0.3.jar:1.0.3]
	at org.evosuite.shaded.org.apache.commons.io.FileUtils.cleanDirectory(FileUtils.java:1653) ~[evosuite-master-1.0.3.jar:1.0.3]
	at org.evosuite.shaded.org.apache.commons.io.FileUtils.deleteDirectory(FileUtils.java:1535) ~[evosuite-master-1.0.3.jar:1.0.3]
	at org.evosuite.shaded.org.apache.commons.io.FileUtils.forceDelete(FileUtils.java:2270) ~[evosuite-master-1.0.3.jar:1.0.3]
	at org.evosuite.shaded.org.apache.commons.io.FileUtils.cleanDirectory(FileUtils.java:1653) ~[evosuite-master-1.0.3.jar:1.0.3]
	at org.evosuite.shaded.org.apache.commons.io.FileUtils.deleteDirectory(FileUtils.java:1535) ~[evosuite-master-1.0.3.jar:1.0.3]
	at org.evosuite.junit.JUnitAnalyzer.removeTestsThatDoNotCompile(JUnitAnalyzer.java:115) ~[evosuite-master-1.0.3.jar:1.0.3]
	at org.evosuite.TestSuiteGenerator.compileAndCheckTests(TestSuiteGenerator.java:376) [evosuite-master-1.0.3.jar:1.0.3]
	at org.evosuite.TestSuiteGenerator.postProcessTests(TestSuiteGenerator.java:332) [evosuite-master-1.0.3.jar:1.0.3]
	at org.evosuite.TestSuiteGenerator.generateTestSuite(TestSuiteGenerator.java:148) [evosuite-master-1.0.3.jar:1.0.3]
	at org.evosuite.rmi.service.ClientNodeImpl$1.run(ClientNodeImpl.java:145) [evosuite-master-1.0.3.jar:1.0.3]
	at java.util.concurrent.Executors$RunnableAdapter.call(Executors.java:511) [na:1.8.0_121]
	at java.util.concurrent.FutureTask.run(FutureTask.java:266) [na:1.8.0_121]
	at java.util.concurrent.ThreadPoolExecutor.runWorker(ThreadPoolExecutor.java:1142) [na:1.8.0_121]
	at java.util.concurrent.ThreadPoolExecutor$Worker.run(ThreadPoolExecutor.java:617) [na:1.8.0_121]
	at java.lang.Thread.run(Thread.java:745) [na:1.8.0_121]
[MASTER] 18:16:35.976 [pool-2-thread-1] ERROR JUnitAnalyzer - Cannot delete tmp dir: C:\Users\KENNET~1\AppData\Local\Temp\EvoSuite_16_1494897395649
java.io.IOException: Unable to delete directory C:\Users\KENNET~1\AppData\Local\Temp\EvoSuite_16_1494897395649\edu\osu\cs362.
	at org.evosuite.shaded.org.apache.commons.io.FileUtils.deleteDirectory(FileUtils.java:1541) ~[evosuite-master-1.0.3.jar:1.0.3]
	at org.evosuite.shaded.org.apache.commons.io.FileUtils.forceDelete(FileUtils.java:2270) ~[evosuite-master-1.0.3.jar:1.0.3]
	at org.evosuite.shaded.org.apache.commons.io.FileUtils.cleanDirectory(FileUtils.java:1653) ~[evosuite-master-1.0.3.jar:1.0.3]
	at org.evosuite.shaded.org.apache.commons.io.FileUtils.deleteDirectory(FileUtils.java:1535) ~[evosuite-master-1.0.3.jar:1.0.3]
	at org.evosuite.shaded.org.apache.commons.io.FileUtils.forceDelete(FileUtils.java:2270) ~[evosuite-master-1.0.3.jar:1.0.3]
	at org.evosuite.shaded.org.apache.commons.io.FileUtils.cleanDirectory(FileUtils.java:1653) ~[evosuite-master-1.0.3.jar:1.0.3]
	at org.evosuite.shaded.org.apache.commons.io.FileUtils.deleteDirectory(FileUtils.java:1535) ~[evosuite-master-1.0.3.jar:1.0.3]
	at org.evosuite.shaded.org.apache.commons.io.FileUtils.forceDelete(FileUtils.java:2270) ~[evosuite-master-1.0.3.jar:1.0.3]
	at org.evosuite.shaded.org.apache.commons.io.FileUtils.cleanDirectory(FileUtils.java:1653) ~[evosuite-master-1.0.3.jar:1.0.3]
	at org.evosuite.shaded.org.apache.commons.io.FileUtils.deleteDirectory(FileUtils.java:1535) ~[evosuite-master-1.0.3.jar:1.0.3]
	at org.evosuite.junit.JUnitAnalyzer.removeTestsThatDoNotCompile(JUnitAnalyzer.java:115) ~[evosuite-master-1.0.3.jar:1.0.3]
	at org.evosuite.TestSuiteGenerator.compileAndCheckTests(TestSuiteGenerator.java:376) [evosuite-master-1.0.3.jar:1.0.3]
	at org.evosuite.TestSuiteGenerator.postProcessTests(TestSuiteGenerator.java:332) [evosuite-master-1.0.3.jar:1.0.3]
	at org.evosuite.TestSuiteGenerator.generateTestSuite(TestSuiteGenerator.java:148) [evosuite-master-1.0.3.jar:1.0.3]
	at org.evosuite.rmi.service.ClientNodeImpl$1.run(ClientNodeImpl.java:145) [evosuite-master-1.0.3.jar:1.0.3]
	at java.util.concurrent.Executors$RunnableAdapter.call(Executors.java:511) [na:1.8.0_121]
	at java.util.concurrent.FutureTask.run(FutureTask.java:266) [na:1.8.0_121]
	at java.util.concurrent.ThreadPoolExecutor.runWorker(ThreadPoolExecutor.java:1142) [na:1.8.0_121]
	at java.util.concurrent.ThreadPoolExecutor$Worker.run(ThreadPoolExecutor.java:617) [na:1.8.0_121]
	at java.lang.Thread.run(Thread.java:745) [na:1.8.0_121]
[MASTER] 18:16:36.227 [pool-2-thread-1] ERROR JUnitAnalyzer - Cannot delete tmp dir: C:\Users\KENNET~1\AppData\Local\Temp\EvoSuite_17_1494897395976
java.io.IOException: Unable to delete directory C:\Users\KENNET~1\AppData\Local\Temp\EvoSuite_17_1494897395976\edu\osu\cs362.
	at org.evosuite.shaded.org.apache.commons.io.FileUtils.deleteDirectory(FileUtils.java:1541) ~[evosuite-master-1.0.3.jar:1.0.3]
	at org.evosuite.shaded.org.apache.commons.io.FileUtils.forceDelete(FileUtils.java:2270) ~[evosuite-master-1.0.3.jar:1.0.3]
	at org.evosuite.shaded.org.apache.commons.io.FileUtils.cleanDirectory(FileUtils.java:1653) ~[evosuite-master-1.0.3.jar:1.0.3]
	at org.evosuite.shaded.org.apache.commons.io.FileUtils.deleteDirectory(FileUtils.java:1535) ~[evosuite-master-1.0.3.jar:1.0.3]
	at org.evosuite.shaded.org.apache.commons.io.FileUtils.forceDelete(FileUtils.java:2270) ~[evosuite-master-1.0.3.jar:1.0.3]
	at org.evosuite.shaded.org.apache.commons.io.FileUtils.cleanDirectory(FileUtils.java:1653) ~[evosuite-master-1.0.3.jar:1.0.3]
	at org.evosuite.shaded.org.apache.commons.io.FileUtils.deleteDirectory(FileUtils.java:1535) ~[evosuite-master-1.0.3.jar:1.0.3]
	at org.evosuite.shaded.org.apache.commons.io.FileUtils.forceDelete(FileUtils.java:2270) ~[evosuite-master-1.0.3.jar:1.0.3]
	at org.evosuite.shaded.org.apache.commons.io.FileUtils.cleanDirectory(FileUtils.java:1653) ~[evosuite-master-1.0.3.jar:1.0.3]
	at org.evosuite.shaded.org.apache.commons.io.FileUtils.deleteDirectory(FileUtils.java:1535) ~[evosuite-master-1.0.3.jar:1.0.3]
	at org.evosuite.junit.JUnitAnalyzer.removeTestsThatDoNotCompile(JUnitAnalyzer.java:115) ~[evosuite-master-1.0.3.jar:1.0.3]
	at org.evosuite.TestSuiteGenerator.compileAndCheckTests(TestSuiteGenerator.java:376) [evosuite-master-1.0.3.jar:1.0.3]
	at org.evosuite.TestSuiteGenerator.postProcessTests(TestSuiteGenerator.java:332) [evosuite-master-1.0.3.jar:1.0.3]
	at org.evosuite.TestSuiteGenerator.generateTestSuite(TestSuiteGenerator.java:148) [evosuite-master-1.0.3.jar:1.0.3]
	at org.evosuite.rmi.service.ClientNodeImpl$1.run(ClientNodeImpl.java:145) [evosuite-master-1.0.3.jar:1.0.3]
	at java.util.concurrent.Executors$RunnableAdapter.call(Executors.java:511) [na:1.8.0_121]
	at java.util.concurrent.FutureTask.run(FutureTask.java:266) [na:1.8.0_121]
	at java.util.concurrent.ThreadPoolExecutor.runWorker(ThreadPoolExecutor.java:1142) [na:1.8.0_121]
	at java.util.concurrent.ThreadPoolExecutor$Worker.run(ThreadPoolExecutor.java:617) [na:1.8.0_121]
	at java.lang.Thread.run(Thread.java:745) [na:1.8.0_121]
