[MASTER] 19:48:00.122 [pool-2-thread-1] ERROR JUnitAnalyzer - Cannot delete tmp dir: C:\Users\KENNET~1\AppData\Local\Temp\EvoSuite_3_1492483679764
java.io.IOException: Unable to delete directory C:\Users\KENNET~1\AppData\Local\Temp\EvoSuite_3_1492483679764\edu\osu\cs362.
	at org.evosuite.shaded.org.apache.commons.io.FileUtils.deleteDirectory(FileUtils.java:1541) ~[evosuite-master-1.0.3.jar:1.0.3]
	at org.evosuite.shaded.org.apache.commons.io.FileUtils.forceDelete(FileUtils.java:2270) ~[evosuite-master-1.0.3.jar:1.0.3]
	at org.evosuite.shaded.org.apache.commons.io.FileUtils.cleanDirectory(FileUtils.java:1653) ~[evosuite-master-1.0.3.jar:1.0.3]
	at org.evosuite.shaded.org.apache.commons.io.FileUtils.deleteDirectory(FileUtils.java:1535) ~[evosuite-master-1.0.3.jar:1.0.3]
	at org.evosuite.shaded.org.apache.commons.io.FileUtils.forceDelete(FileUtils.java:2270) ~[evosuite-master-1.0.3.jar:1.0.3]
	at org.evosuite.shaded.org.apache.commons.io.FileUtils.cleanDirectory(FileUtils.java:1653) ~[evosuite-master-1.0.3.jar:1.0.3]
	at org.evosuite.shaded.org.apache.commons.io.FileUtils.deleteDirectory(FileUtils.java:1535) ~[evosuite-master-1.0.3.jar:1.0.3]
	at org.evosuite.shaded.org.apache.commons.io.FileUtils.forceDelete(FileUtils.java:2270) ~[evosuite-master-1.0.3.jar:1.0.3]
	at org.evosuite.shaded.org.apache.commons.io.FileUtils.cleanDirectory(FileUtils.java:1653) ~[evosuite-master-1.0.3.jar:1.0.3]
	at org.evosuite.shaded.org.apache.commons.io.FileUtils.deleteDirectory(FileUtils.java:1535) ~[evosuite-master-1.0.3.jar:1.0.3]
	at org.evosuite.junit.JUnitAnalyzer.removeTestsThatDoNotCompile(JUnitAnalyzer.java:115) ~[evosuite-master-1.0.3.jar:1.0.3]
	at org.evosuite.TestSuiteGenerator.compileAndCheckTests(TestSuiteGenerator.java:376) [evosuite-master-1.0.3.jar:1.0.3]
	at org.evosuite.TestSuiteGenerator.postProcessTests(TestSuiteGenerator.java:332) [evosuite-master-1.0.3.jar:1.0.3]
	at org.evosuite.TestSuiteGenerator.generateTestSuite(TestSuiteGenerator.java:148) [evosuite-master-1.0.3.jar:1.0.3]
	at org.evosuite.rmi.service.ClientNodeImpl$1.run(ClientNodeImpl.java:145) [evosuite-master-1.0.3.jar:1.0.3]
	at java.util.concurrent.Executors$RunnableAdapter.call(Executors.java:511) [na:1.8.0_121]
	at java.util.concurrent.FutureTask.run(FutureTask.java:266) [na:1.8.0_121]
	at java.util.concurrent.ThreadPoolExecutor.runWorker(ThreadPoolExecutor.java:1142) [na:1.8.0_121]
	at java.util.concurrent.ThreadPoolExecutor$Worker.run(ThreadPoolExecutor.java:617) [na:1.8.0_121]
	at java.lang.Thread.run(Thread.java:745) [na:1.8.0_121]
[MASTER] 19:48:03.484 [pool-2-thread-1] ERROR JUnitAnalyzer - Cannot delete tmp dir: C:\Users\KENNET~1\AppData\Local\Temp\EvoSuite_19_1492483683322
java.io.IOException: Unable to delete directory C:\Users\KENNET~1\AppData\Local\Temp\EvoSuite_19_1492483683322\edu\osu\cs362.
	at org.evosuite.shaded.org.apache.commons.io.FileUtils.deleteDirectory(FileUtils.java:1541) ~[evosuite-master-1.0.3.jar:1.0.3]
	at org.evosuite.shaded.org.apache.commons.io.FileUtils.forceDelete(FileUtils.java:2270) ~[evosuite-master-1.0.3.jar:1.0.3]
	at org.evosuite.shaded.org.apache.commons.io.FileUtils.cleanDirectory(FileUtils.java:1653) ~[evosuite-master-1.0.3.jar:1.0.3]
	at org.evosuite.shaded.org.apache.commons.io.FileUtils.deleteDirectory(FileUtils.java:1535) ~[evosuite-master-1.0.3.jar:1.0.3]
	at org.evosuite.shaded.org.apache.commons.io.FileUtils.forceDelete(FileUtils.java:2270) ~[evosuite-master-1.0.3.jar:1.0.3]
	at org.evosuite.shaded.org.apache.commons.io.FileUtils.cleanDirectory(FileUtils.java:1653) ~[evosuite-master-1.0.3.jar:1.0.3]
	at org.evosuite.shaded.org.apache.commons.io.FileUtils.deleteDirectory(FileUtils.java:1535) ~[evosuite-master-1.0.3.jar:1.0.3]
	at org.evosuite.shaded.org.apache.commons.io.FileUtils.forceDelete(FileUtils.java:2270) ~[evosuite-master-1.0.3.jar:1.0.3]
	at org.evosuite.shaded.org.apache.commons.io.FileUtils.cleanDirectory(FileUtils.java:1653) ~[evosuite-master-1.0.3.jar:1.0.3]
	at org.evosuite.shaded.org.apache.commons.io.FileUtils.deleteDirectory(FileUtils.java:1535) ~[evosuite-master-1.0.3.jar:1.0.3]
	at org.evosuite.junit.JUnitAnalyzer.removeTestsThatDoNotCompile(JUnitAnalyzer.java:115) ~[evosuite-master-1.0.3.jar:1.0.3]
	at org.evosuite.TestSuiteGenerator.compileAndCheckTests(TestSuiteGenerator.java:376) [evosuite-master-1.0.3.jar:1.0.3]
	at org.evosuite.TestSuiteGenerator.postProcessTests(TestSuiteGenerator.java:332) [evosuite-master-1.0.3.jar:1.0.3]
	at org.evosuite.TestSuiteGenerator.generateTestSuite(TestSuiteGenerator.java:148) [evosuite-master-1.0.3.jar:1.0.3]
	at org.evosuite.rmi.service.ClientNodeImpl$1.run(ClientNodeImpl.java:145) [evosuite-master-1.0.3.jar:1.0.3]
	at java.util.concurrent.Executors$RunnableAdapter.call(Executors.java:511) [na:1.8.0_121]
	at java.util.concurrent.FutureTask.run(FutureTask.java:266) [na:1.8.0_121]
	at java.util.concurrent.ThreadPoolExecutor.runWorker(ThreadPoolExecutor.java:1142) [na:1.8.0_121]
	at java.util.concurrent.ThreadPoolExecutor$Worker.run(ThreadPoolExecutor.java:617) [na:1.8.0_121]
	at java.lang.Thread.run(Thread.java:745) [na:1.8.0_121]
[MASTER] 19:48:05.730 [pool-2-thread-1] ERROR JUnitAnalyzer - Cannot delete tmp dir: C:\Users\KENNET~1\AppData\Local\Temp\EvoSuite_30_1492483685575
java.io.IOException: Unable to delete directory C:\Users\KENNET~1\AppData\Local\Temp\EvoSuite_30_1492483685575\edu\osu\cs362.
	at org.evosuite.shaded.org.apache.commons.io.FileUtils.deleteDirectory(FileUtils.java:1541) ~[evosuite-master-1.0.3.jar:1.0.3]
	at org.evosuite.shaded.org.apache.commons.io.FileUtils.forceDelete(FileUtils.java:2270) ~[evosuite-master-1.0.3.jar:1.0.3]
	at org.evosuite.shaded.org.apache.commons.io.FileUtils.cleanDirectory(FileUtils.java:1653) ~[evosuite-master-1.0.3.jar:1.0.3]
	at org.evosuite.shaded.org.apache.commons.io.FileUtils.deleteDirectory(FileUtils.java:1535) ~[evosuite-master-1.0.3.jar:1.0.3]
	at org.evosuite.shaded.org.apache.commons.io.FileUtils.forceDelete(FileUtils.java:2270) ~[evosuite-master-1.0.3.jar:1.0.3]
	at org.evosuite.shaded.org.apache.commons.io.FileUtils.cleanDirectory(FileUtils.java:1653) ~[evosuite-master-1.0.3.jar:1.0.3]
	at org.evosuite.shaded.org.apache.commons.io.FileUtils.deleteDirectory(FileUtils.java:1535) ~[evosuite-master-1.0.3.jar:1.0.3]
	at org.evosuite.shaded.org.apache.commons.io.FileUtils.forceDelete(FileUtils.java:2270) ~[evosuite-master-1.0.3.jar:1.0.3]
	at org.evosuite.shaded.org.apache.commons.io.FileUtils.cleanDirectory(FileUtils.java:1653) ~[evosuite-master-1.0.3.jar:1.0.3]
	at org.evosuite.shaded.org.apache.commons.io.FileUtils.deleteDirectory(FileUtils.java:1535) ~[evosuite-master-1.0.3.jar:1.0.3]
	at org.evosuite.junit.JUnitAnalyzer.removeTestsThatDoNotCompile(JUnitAnalyzer.java:115) ~[evosuite-master-1.0.3.jar:1.0.3]
	at org.evosuite.TestSuiteGenerator.compileAndCheckTests(TestSuiteGenerator.java:376) [evosuite-master-1.0.3.jar:1.0.3]
	at org.evosuite.TestSuiteGenerator.postProcessTests(TestSuiteGenerator.java:332) [evosuite-master-1.0.3.jar:1.0.3]
	at org.evosuite.TestSuiteGenerator.generateTestSuite(TestSuiteGenerator.java:148) [evosuite-master-1.0.3.jar:1.0.3]
	at org.evosuite.rmi.service.ClientNodeImpl$1.run(ClientNodeImpl.java:145) [evosuite-master-1.0.3.jar:1.0.3]
	at java.util.concurrent.Executors$RunnableAdapter.call(Executors.java:511) [na:1.8.0_121]
	at java.util.concurrent.FutureTask.run(FutureTask.java:266) [na:1.8.0_121]
	at java.util.concurrent.ThreadPoolExecutor.runWorker(ThreadPoolExecutor.java:1142) [na:1.8.0_121]
	at java.util.concurrent.ThreadPoolExecutor$Worker.run(ThreadPoolExecutor.java:617) [na:1.8.0_121]
	at java.lang.Thread.run(Thread.java:745) [na:1.8.0_121]
[MASTER] 19:48:08.607 [pool-2-thread-1] ERROR JUnitAnalyzer - Ran out of time while checking tests
